<?xml version="1.0" encoding="UTF-8"?>
<!-- Generated by org.testng.reporters.JUnitXMLReporter -->
<testsuite hostname="DOVBB1065" ignored="0" name="Surefire test" tests="2" failures="1" timestamp="2020-12-03T17:55:42 CET" time="7.128" errors="0">
  <testcase name="googleCheeseExample" time="5.509" classname="com.lazerycode.selenium.tests.GoogleExampleIT">
    <failure type="java.lang.AssertionError">
      <![CDATA[java.lang.AssertionError
at com.lazerycode.selenium.tests.GoogleExampleIT.googleCheeseExample(GoogleExampleIT.java:44)
at java.util.concurrent.ThreadPoolExecutor.runWorker(ThreadPoolExecutor.java:1149)
at java.util.concurrent.ThreadPoolExecutor$Worker.run(ThreadPoolExecutor.java:624)
at java.lang.Thread.run(Thread.java:748)
... Removed 12 stack frames]]>
    </failure>
  </testcase> <!-- googleCheeseExample -->
  <testcase name="googleMilkExample" time="1.461" classname="com.lazerycode.selenium.tests.GoogleExampleIT"/>
</testsuite> <!-- Surefire test -->
