<?xml version="1.0" encoding="UTF-8"?>
<testng-results skipped="0" failed="1" ignored="0" total="2" passed="1">
  <reporter-output>
  </reporter-output>
  <suite name="Surefire suite" duration-ms="7128" started-at="2020-12-03T17:55:35 CET" finished-at="2020-12-03T17:55:42 CET">
    <groups>
    </groups>
    <test name="Surefire test" duration-ms="7128" started-at="2020-12-03T17:55:35 CET" finished-at="2020-12-03T17:55:42 CET">
      <class name="com.lazerycode.selenium.tests.GoogleExampleIT">
        <test-method status="PASS" signature="instantiateDriverObject()[pri:0, instance:com.lazerycode.selenium.tests.GoogleExampleIT@31190526]" name="instantiateDriverObject" is-config="true" duration-ms="7" started-at="2020-12-03T17:55:35 CET" finished-at="2020-12-03T17:55:35 CET">
          <reporter-output>
          </reporter-output>
        </test-method> <!-- instantiateDriverObject -->
        <test-method status="FAIL" signature="googleCheeseExample()[pri:0, instance:com.lazerycode.selenium.tests.GoogleExampleIT@31190526]" name="googleCheeseExample" duration-ms="5509" started-at="2020-12-03T17:55:35 CET" finished-at="2020-12-03T17:55:40 CET">
          <exception class="java.lang.AssertionError">
            <full-stacktrace>
              <![CDATA[java.lang.AssertionError
at com.lazerycode.selenium.tests.GoogleExampleIT.googleCheeseExample(GoogleExampleIT.java:44)
at sun.reflect.NativeMethodAccessorImpl.invoke0(Native Method)
at sun.reflect.NativeMethodAccessorImpl.invoke(NativeMethodAccessorImpl.java:62)
at sun.reflect.DelegatingMethodAccessorImpl.invoke(DelegatingMethodAccessorImpl.java:43)
at java.lang.reflect.Method.invoke(Method.java:498)
at org.testng.internal.MethodInvocationHelper.invokeMethod(MethodInvocationHelper.java:132)
at org.testng.internal.TestInvoker.invokeMethod(TestInvoker.java:599)
at org.testng.internal.TestInvoker.invokeTestMethod(TestInvoker.java:174)
at org.testng.internal.MethodRunner.runInSequence(MethodRunner.java:46)
at org.testng.internal.TestInvoker$MethodInvocationAgent.invoke(TestInvoker.java:822)
at org.testng.internal.TestInvoker.invokeTestMethods(TestInvoker.java:147)
at org.testng.internal.TestMethodWorker.invokeTestMethods(TestMethodWorker.java:146)
at org.testng.internal.TestMethodWorker.run(TestMethodWorker.java:128)
at java.util.concurrent.ThreadPoolExecutor.runWorker(ThreadPoolExecutor.java:1149)
at java.util.concurrent.ThreadPoolExecutor$Worker.run(ThreadPoolExecutor.java:624)
at java.lang.Thread.run(Thread.java:748)
]]>
            </full-stacktrace>
          </exception> <!-- java.lang.AssertionError -->
          <reporter-output>
          </reporter-output>
        </test-method> <!-- googleCheeseExample -->
        <test-method status="PASS" signature="clearCookies()[pri:0, instance:com.lazerycode.selenium.tests.GoogleExampleIT@31190526]" name="clearCookies" is-config="true" duration-ms="17" started-at="2020-12-03T17:55:40 CET" finished-at="2020-12-03T17:55:40 CET">
          <reporter-output>
          </reporter-output>
        </test-method> <!-- clearCookies -->
        <test-method status="PASS" signature="googleMilkExample()[pri:0, instance:com.lazerycode.selenium.tests.GoogleExampleIT@31190526]" name="googleMilkExample" duration-ms="1461" started-at="2020-12-03T17:55:40 CET" finished-at="2020-12-03T17:55:42 CET">
          <reporter-output>
          </reporter-output>
        </test-method> <!-- googleMilkExample -->
        <test-method status="PASS" signature="clearCookies()[pri:0, instance:com.lazerycode.selenium.tests.GoogleExampleIT@31190526]" name="clearCookies" is-config="true" duration-ms="10" started-at="2020-12-03T17:55:42 CET" finished-at="2020-12-03T17:55:42 CET">
          <reporter-output>
          </reporter-output>
        </test-method> <!-- clearCookies -->
        <test-method status="PASS" signature="closeDriverObjects()[pri:0, instance:com.lazerycode.selenium.tests.GoogleExampleIT@31190526]" name="closeDriverObjects" is-config="true" duration-ms="1209" started-at="2020-12-03T17:55:42 CET" finished-at="2020-12-03T17:55:43 CET">
          <reporter-output>
          </reporter-output>
        </test-method> <!-- closeDriverObjects -->
      </class> <!-- com.lazerycode.selenium.tests.GoogleExampleIT -->
    </test> <!-- Surefire test -->
  </suite> <!-- Surefire suite -->
</testng-results>
